2018-07-25T07:43:08.876Z - normal: Load ~/.CocosCreator/settings.json
2018-07-25T07:43:08.878Z - normal: checking language setting...
2018-07-25T07:43:08.879Z - normal: Language: zh
2018-07-25T07:43:09.406Z - success: protocol editor-framework registered
2018-07-25T07:43:09.406Z - success: protocol app registered
2018-07-25T07:43:09.406Z - success: protocol theme registered
2018-07-25T07:43:09.407Z - success: protocol packages registered
2018-07-25T07:43:09.407Z - success: protocol unpack registerred
2018-07-25T07:43:09.407Z - success: protocol disable-commonjs registerred
2018-07-25T07:43:09.567Z - normal: connected!
2018-07-25T07:43:09.569Z - normal: Check project /Users/antwand/baccarat-client
2018-07-25T07:43:09.577Z - normal: Initializing Cocos2d
2018-07-25T07:43:09.746Z - normal: Initializing Asset Database
2018-07-25T07:43:09.799Z - success: protocol uuid registerred
2018-07-25T07:43:09.799Z - success: protocol db registerred
2018-07-25T07:43:09.799Z - success: protocol thumbnail registerred
2018-07-25T07:43:09.799Z - normal: Loading editor/builtin packages
2018-07-25T07:43:09.813Z - success: anysdk loaded
2018-07-25T07:43:09.900Z - success: assets loaded
2018-07-25T07:43:09.904Z - success: builder loaded
2018-07-25T07:43:09.906Z - success: cocos-analytics loaded
2018-07-25T07:43:09.909Z - success: console loaded
2018-07-25T07:43:09.912Z - success: hierarchy loaded
2018-07-25T07:43:09.915Z - success: inspector loaded
2018-07-25T07:43:09.916Z - success: keystore loaded
2018-07-25T07:43:09.921Z - success: node-library loaded
2018-07-25T07:43:09.922Z - success: package-asset loaded
2018-07-25T07:43:09.924Z - success: preferences loaded
2018-07-25T07:43:09.926Z - success: project-exporter loaded
2018-07-25T07:43:09.939Z - success: project-importer loaded
2018-07-25T07:43:09.941Z - success: project-settings loaded
2018-07-25T07:43:09.944Z - success: ui-kit loaded
2018-07-25T07:43:09.947Z - success: ui-grid loaded
2018-07-25T07:43:09.950Z - success: scene loaded
2018-07-25T07:43:09.951Z - success: sprite-editor loaded
2018-07-25T07:43:09.958Z - success: store loaded
2018-07-25T07:43:09.962Z - success: timeline loaded
2018-07-25T07:43:09.962Z - normal: Loading builtin packages
2018-07-25T07:43:09.965Z - success: asset-db-debugger loaded
2018-07-25T07:43:09.966Z - success: color-picker loaded
2018-07-25T07:43:09.970Z - success: package-manager loaded
2018-07-25T07:43:09.974Z - success: sdkbox loaded
2018-07-25T07:43:09.981Z - success: tester loaded
2018-07-25T07:43:09.985Z - success: ui-kit-preview-extra loaded
2018-07-25T07:43:09.988Z - success: ui-kit-preview loaded
2018-07-25T07:43:09.991Z - success: ui-tree loaded
2018-07-25T07:43:10.691Z - normal: Initializing project /Users/antwand/baccarat-client
2018-07-25T07:43:10.721Z - normal: Loading packages
2018-07-25T07:43:10.727Z - success: hot-update loaded
2018-07-25T07:43:10.731Z - success: test loaded
2018-07-25T07:43:10.732Z - normal: Watching packages
2018-07-25T07:43:10.744Z - normal: Run Application
2018-07-25T07:43:14.918Z - success: preview server running at http://localhost:7456
2018-07-25T07:43:19.427Z - normal: 1.8.2
2018-07-25T07:43:28.132Z - normal: 测试测试测试看看 http://120.78.177.52:8201
2018-07-25T07:46:55.028Z - info: shutdown preview server
